2021-01-13T00:47:36+00:00 CRITICAL Maximum execution time of 60 seconds exceeded en C:\xamppp\htdocs\wordpress\wp-admin\includes\deprecated.php en la línea 328

2021-01-13T00:59:06+00:00 CRITICAL Uncaught Error: Call to undefined function get_short_description() in C:\xamppp\htdocs\wordpress\wp-content\plugins\code-snippets\php\snippet-ops.php(446) : eval()'d code:9
Stack trace:
#0 C:\xamppp\htdocs\wordpress\wp-includes\class-wp-hook.php(287): text('')
#1 C:\xamppp\htdocs\wordpress\wp-includes\class-wp-hook.php(311): WP_Hook->apply_filters(NULL, Array)
#2 C:\xamppp\htdocs\wordpress\wp-includes\plugin.php(484): WP_Hook->do_action(Array)
#3 C:\xamppp\htdocs\wordpress\wp-content\plugins\woocommerce\templates\content-single-product.php(60): do_action('woocommerce_sin...')
#4 C:\xamppp\htdocs\wordpress\wp-includes\template.php(732): require('C:\\xamppp\\htdoc...')
#5 C:\xamppp\htdocs\wordpress\wp-content\plugins\woocommerce\includes\wc-core-functions.php(284): load_template('C:\\xamppp\\htdoc...', false)
#6 C:\xamppp\htdocs\wordpress\wp-content\plugins\woocommerce\includes\wc-template-functions.php(965): wc_get_template_part('content', 'single-product')
#7 C:\xamppp\htdocs\wordpress\wp-content\themes\consultstreet\woocommerce.php(24): woocommerce_content()
#8 C:\xamppp\htdocs\wordpress\wp-includes\template-loader.php(106): include('C:\\xamppp\\htdoc...')
#9 C:\xamppp\htdocs\wordpress\wp-blog-header.php(19): require_once('C:\\xamppp\\htdoc...')
#10 C:\xamppp\htdocs\wordpress\index.php(17): require('C:\\xamppp\\htdoc...')
#11 {main}
  thrown en C:\xamppp\htdocs\wordpress\wp-content\plugins\code-snippets\php\snippet-ops.php(446) : eval()'d code en la línea 9

2021-01-13T00:59:55+00:00 CRITICAL Uncaught Error: Call to undefined function get_short_description() in C:\xamppp\htdocs\wordpress\wp-content\plugins\code-snippets\php\snippet-ops.php(446) : eval()'d code:9
Stack trace:
#0 C:\xamppp\htdocs\wordpress\wp-includes\class-wp-hook.php(287): text('')
#1 C:\xamppp\htdocs\wordpress\wp-includes\class-wp-hook.php(311): WP_Hook->apply_filters(NULL, Array)
#2 C:\xamppp\htdocs\wordpress\wp-includes\plugin.php(484): WP_Hook->do_action(Array)
#3 C:\xamppp\htdocs\wordpress\wp-content\plugins\woocommerce\templates\content-single-product.php(60): do_action('woocommerce_sin...')
#4 C:\xamppp\htdocs\wordpress\wp-includes\template.php(732): require('C:\\xamppp\\htdoc...')
#5 C:\xamppp\htdocs\wordpress\wp-content\plugins\woocommerce\includes\wc-core-functions.php(284): load_template('C:\\xamppp\\htdoc...', false)
#6 C:\xamppp\htdocs\wordpress\wp-content\plugins\woocommerce\includes\wc-template-functions.php(965): wc_get_template_part('content', 'single-product')
#7 C:\xamppp\htdocs\wordpress\wp-content\themes\consultstreet\woocommerce.php(24): woocommerce_content()
#8 C:\xamppp\htdocs\wordpress\wp-includes\template-loader.php(106): include('C:\\xamppp\\htdoc...')
#9 C:\xamppp\htdocs\wordpress\wp-blog-header.php(19): require_once('C:\\xamppp\\htdoc...')
#10 C:\xamppp\htdocs\wordpress\index.php(17): require('C:\\xamppp\\htdoc...')
#11 {main}
  thrown en C:\xamppp\htdocs\wordpress\wp-content\plugins\code-snippets\php\snippet-ops.php(446) : eval()'d code en la línea 9

2021-01-13T00:59:58+00:00 CRITICAL Uncaught Error: Call to undefined function get_short_description() in C:\xamppp\htdocs\wordpress\wp-content\plugins\code-snippets\php\snippet-ops.php(446) : eval()'d code:9
Stack trace:
#0 C:\xamppp\htdocs\wordpress\wp-includes\class-wp-hook.php(287): text('')
#1 C:\xamppp\htdocs\wordpress\wp-includes\class-wp-hook.php(311): WP_Hook->apply_filters(NULL, Array)
#2 C:\xamppp\htdocs\wordpress\wp-includes\plugin.php(484): WP_Hook->do_action(Array)
#3 C:\xamppp\htdocs\wordpress\wp-content\plugins\woocommerce\templates\content-single-product.php(60): do_action('woocommerce_sin...')
#4 C:\xamppp\htdocs\wordpress\wp-includes\template.php(732): require('C:\\xamppp\\htdoc...')
#5 C:\xamppp\htdocs\wordpress\wp-content\plugins\woocommerce\includes\wc-core-functions.php(284): load_template('C:\\xamppp\\htdoc...', false)
#6 C:\xamppp\htdocs\wordpress\wp-content\plugins\woocommerce\includes\wc-template-functions.php(965): wc_get_template_part('content', 'single-product')
#7 C:\xamppp\htdocs\wordpress\wp-content\themes\consultstreet\woocommerce.php(24): woocommerce_content()
#8 C:\xamppp\htdocs\wordpress\wp-includes\template-loader.php(106): include('C:\\xamppp\\htdoc...')
#9 C:\xamppp\htdocs\wordpress\wp-blog-header.php(19): require_once('C:\\xamppp\\htdoc...')
#10 C:\xamppp\htdocs\wordpress\index.php(17): require('C:\\xamppp\\htdoc...')
#11 {main}
  thrown en C:\xamppp\htdocs\wordpress\wp-content\plugins\code-snippets\php\snippet-ops.php(446) : eval()'d code en la línea 9

2021-01-13T01:00:35+00:00 CRITICAL Uncaught TypeError: call_user_func_array(): Argument #1 ($function) must be a valid callback, function "get_short_description" not found or invalid function name in C:\xamppp\htdocs\wordpress\wp-includes\class-wp-hook.php:287
Stack trace:
#0 C:\xamppp\htdocs\wordpress\wp-includes\class-wp-hook.php(311): WP_Hook->apply_filters(NULL, Array)
#1 C:\xamppp\htdocs\wordpress\wp-includes\plugin.php(484): WP_Hook->do_action(Array)
#2 C:\xamppp\htdocs\wordpress\wp-content\plugins\woocommerce\templates\content-single-product.php(60): do_action('woocommerce_sin...')
#3 C:\xamppp\htdocs\wordpress\wp-includes\template.php(732): require('C:\\xamppp\\htdoc...')
#4 C:\xamppp\htdocs\wordpress\wp-content\plugins\woocommerce\includes\wc-core-functions.php(284): load_template('C:\\xamppp\\htdoc...', false)
#5 C:\xamppp\htdocs\wordpress\wp-content\plugins\woocommerce\includes\wc-template-functions.php(965): wc_get_template_part('content', 'single-product')
#6 C:\xamppp\htdocs\wordpress\wp-content\themes\consultstreet\woocommerce.php(24): woocommerce_content()
#7 C:\xamppp\htdocs\wordpress\wp-includes\template-loader.php(106): include('C:\\xamppp\\htdoc...')
#8 C:\xamppp\htdocs\wordpress\wp-blog-header.php(19): require_once('C:\\xamppp\\htdoc...')
#9 C:\xamppp\htdocs\wordpress\index.php(17): require('C:\\xamppp\\htdoc...')
#10 {main}
  thrown en C:\xamppp\htdocs\wordpress\wp-includes\class-wp-hook.php en la línea 287

2021-01-13T01:07:21+00:00 CRITICAL Uncaught Error: Call to a member function get_data() on null in C:\xamppp\htdocs\wordpress\wp-content\plugins\code-snippets\php\snippet-ops.php(446) : eval()'d code:8
Stack trace:
#0 C:\xamppp\htdocs\wordpress\wp-includes\class-wp-hook.php(287): description('')
#1 C:\xamppp\htdocs\wordpress\wp-includes\class-wp-hook.php(311): WP_Hook->apply_filters(NULL, Array)
#2 C:\xamppp\htdocs\wordpress\wp-includes\plugin.php(484): WP_Hook->do_action(Array)
#3 C:\xamppp\htdocs\wordpress\wp-content\plugins\woocommerce\templates\content-single-product.php(60): do_action('woocommerce_sin...')
#4 C:\xamppp\htdocs\wordpress\wp-includes\template.php(732): require('C:\\xamppp\\htdoc...')
#5 C:\xamppp\htdocs\wordpress\wp-content\plugins\woocommerce\includes\wc-core-functions.php(284): load_template('C:\\xamppp\\htdoc...', false)
#6 C:\xamppp\htdocs\wordpress\wp-content\plugins\woocommerce\includes\wc-template-functions.php(965): wc_get_template_part('content', 'single-product')
#7 C:\xamppp\htdocs\wordpress\wp-content\themes\consultstreet\woocommerce.php(24): woocommerce_content()
#8 C:\xamppp\htdocs\wordpress\wp-includes\template-loader.php(106): include('C:\\xamppp\\htdoc...')
#9 C:\xamppp\htdocs\wordpress\wp-blog-header.php(19): require_once('C:\\xamppp\\htdoc...')
#10 C:\xamppp\htdocs\wordpress\index.php(17): require('C:\\xamppp\\htdoc...')
#11 {main}
  thrown en C:\xamppp\htdocs\wordpress\wp-content\plugins\code-snippets\php\snippet-ops.php(446) : eval()'d code en la línea 8

2021-01-13T16:12:20+00:00 CRITICAL Maximum execution time of 60 seconds exceeded en C:\xamppp\htdocs\wordpress\wp-content\plugins\buddypress\bp-core\classes\class-bp-invitation.php en la línea 1057

2021-01-13T16:22:50+00:00 CRITICAL Maximum execution time of 60 seconds exceeded en C:\xamppp\htdocs\wordpress\wp-content\plugins\astra-sites\inc\classes\compatibility\astra-pro\class-astra-sites-compatibility-astra-pro.php en la línea 11

2021-01-13T16:23:10+00:00 CRITICAL Maximum execution time of 60 seconds exceeded en C:\xamppp\htdocs\wordpress\wp-content\plugins\buddypress\bp-core\admin\bp-core-admin-functions.php en la línea 61

2021-01-13T16:23:10+00:00 CRITICAL Maximum execution time of 60 seconds exceeded en C:\xamppp\htdocs\wordpress\wp-content\plugins\woocommerce\packages\woocommerce-admin\src\Composer\Package.php en la línea 12

2021-01-13T16:23:44+00:00 CRITICAL Maximum execution time of 60 seconds exceeded en C:\xamppp\htdocs\wordpress\wp-content\plugins\woocommerce\packages\woocommerce-admin\src\Features\Homescreen.php en la línea 156

2021-01-13T16:23:45+00:00 CRITICAL Maximum execution time of 60 seconds exceeded en C:\xamppp\htdocs\wordpress\wp-content\plugins\elementor\core\admin\admin-notices.php en la línea 11

2021-01-13T16:23:45+00:00 CRITICAL Maximum execution time of 60 seconds exceeded en C:\xamppp\htdocs\wordpress\wp-content\plugins\elementor\core\upgrade\elementor-3-re-migrate-globals.php en la línea 10

2021-01-13T16:24:00+00:00 CRITICAL Maximum execution time of 60 seconds exceeded en C:\xamppp\htdocs\wordpress\wp-content\plugins\elementor\includes\controls\image-dimensions.php en la línea 4

2021-01-13T16:42:58+00:00 CRITICAL Maximum execution time of 60 seconds exceeded en C:\xamppp\htdocs\wordpress\wp-includes\wp-db.php en la línea 2056

2021-01-13T17:06:03+00:00 CRITICAL Maximum execution time of 60 seconds exceeded en C:\xamppp\htdocs\wordpress\wp-admin\includes\class-wp-filesystem-direct.php en la línea 82

2021-01-13T17:11:34+00:00 CRITICAL Maximum execution time of 60 seconds exceeded en C:\xamppp\htdocs\wordpress\wp-admin\includes\class-wp-filesystem-direct.php en la línea 82

2021-01-13T22:13:15+00:00 CRITICAL Maximum execution time of 60 seconds exceeded en C:\xamppp\htdocs\wordpress\wp-admin\includes\class-wp-filesystem-direct.php en la línea 82

2021-01-13T22:29:57+00:00 CRITICAL Maximum execution time of 60 seconds exceeded en C:\xamppp\htdocs\wordpress\wp-content\themes\fitnessbase\inc\customizer\fitnessbase-customizer-options.php en la línea 29

2021-01-13T22:37:08+00:00 CRITICAL Maximum execution time of 60 seconds exceeded en C:\xamppp\htdocs\wordpress\wp-includes\Requests\Transport\cURL.php en la línea 463

2021-01-13T22:40:42+00:00 CRITICAL Maximum execution time of 60 seconds exceeded en C:\xamppp\htdocs\wordpress\wp-includes\wp-db.php en la línea 2056

2021-01-13T22:40:43+00:00 CRITICAL Maximum execution time of 60 seconds exceeded en C:\xamppp\htdocs\wordpress\wp-includes\wp-db.php en la línea 2056

